<?xml version="1.0" encoding="UTF-8"?>
<testsuite name="GettingTheFullNameTest" tests="4" skipped="0" failures="0" errors="0" timestamp="2020-08-25T07:40:46" hostname="ADMIN-TR6UA91CB" time="0.007">
  <properties/>
  <testcase name="emptyFullName" classname="GettingTheFullNameTest" time="0.006"/>
  <testcase name="onlyLastName" classname="GettingTheFullNameTest" time="0.0"/>
  <testcase name="fullName" classname="GettingTheFullNameTest" time="0.0"/>
  <testcase name="onlyFirstName" classname="GettingTheFullNameTest" time="0.0"/>
  <system-out><![CDATA[]]></system-out>
  <system-err><![CDATA[]]></system-err>
</testsuite>
